<?xml version="1.0" encoding="UTF-8"?>
<!-- Generated by org.testng.reporters.JUnitReportReporter -->
<testsuite hostname="DESKTOP-CMQN355" failures="0" tests="1" name="files.StaticJson" time="2.234" errors="0" timestamp="2020-04-25T16:53:14 PDT" skipped="0">
  <testcase classname="files.StaticJson" name="addBook" time="2.234"/>
</testsuite> <!-- files.StaticJson -->
