<?xml version="1.0" encoding="UTF-8"?>
<!-- Generated by org.testng.reporters.JUnitReportReporter -->
<testsuite hostname="DESKTOP-CMQN355" failures="0" tests="1" name="SumVAlidation" time="1.013" errors="0" timestamp="2020-04-24T12:03:21 PDT" skipped="0">
  <testcase classname="SumVAlidation" name="sumOfCourses" time="1.013"/>
</testsuite> <!-- SumVAlidation -->
