<?xml version="1.0" encoding="UTF-8"?>
<!-- Generated by org.testng.reporters.JUnitReportReporter -->
<testsuite hostname="DESKTOP-CMQN355" failures="0" tests="3" name="files.DynamicJson" time="3.409" errors="0" timestamp="2020-04-25T16:08:33 PDT" skipped="0">
  <testcase classname="files.DynamicJson" name="addBook" time="0.681"/>
  <testcase classname="files.DynamicJson" name="addBook" time="0.611"/>
  <testcase classname="files.DynamicJson" name="addBook" time="2.117"/>
</testsuite> <!-- files.DynamicJson -->
